<?xml version="1.0" encoding="UTF-8"?>
<testng-results ignored="2" total="12" passed="9" failed="1" skipped="0">
  <reporter-output>
  </reporter-output>
  <suite started-at="2023-03-31T07:33:35 IST" name="Loan Department" finished-at="2023-03-31T07:33:35 IST" duration-ms="129">
    <groups>
    </groups>
    <test started-at="2023-03-31T07:33:35 IST" name="Personal Loan" finished-at="2023-03-31T07:33:35 IST" duration-ms="107">
      <class name="test.day4">
        <test-method signature="LoginAPIhomeloan()[pri:0, instance:test.day4@3a6bb9bf]" started-at="2023-03-31T07:33:35 IST" name="LoginAPIhomeloan" finished-at="2023-03-31T07:33:35 IST" duration-ms="2" status="PASS">
          <reporter-output>
          </reporter-output>
        </test-method> <!-- LoginAPIhomeloan -->
        <test-method signature="MobileLoginhomeloan()[pri:0, instance:test.day4@3a6bb9bf]" started-at="2023-03-31T07:33:35 IST" name="MobileLoginhomeloan" finished-at="2023-03-31T07:33:35 IST" duration-ms="3" status="PASS">
          <reporter-output>
          </reporter-output>
        </test-method> <!-- MobileLoginhomeloan -->
        <test-method signature="Webloginhomeloan()[pri:0, instance:test.day4@3a6bb9bf]" started-at="2023-03-31T07:33:35 IST" name="Webloginhomeloan" finished-at="2023-03-31T07:33:35 IST" duration-ms="2" status="PASS">
          <reporter-output>
          </reporter-output>
        </test-method> <!-- Webloginhomeloan -->
      </class> <!-- test.day4 -->
      <class name="test.day2">
        <test-method signature="ploan(java.lang.String,java.lang.String)[pri:0, instance:test.day2@10959ece]" started-at="2023-03-31T07:33:35 IST" name="ploan" finished-at="2023-03-31T07:33:35 IST" duration-ms="2" status="PASS">
          <params>
            <param index="0">
              <value>
                <![CDATA[qaclickacademy.com]]>
              </value>
            </param>
            <param index="1">
              <value>
                <![CDATA[12324]]>
              </value>
            </param>
          </params>
          <reporter-output>
          </reporter-output>
        </test-method> <!-- ploan -->
      </class> <!-- test.day2 -->
      <class name="test.day1">
        <test-method signature="Demo()[pri:0, instance:test.day1@2892dae4]" started-at="2023-03-31T07:33:35 IST" name="Demo" finished-at="2023-03-31T07:33:35 IST" duration-ms="19" status="FAIL">
          <exception class="java.lang.AssertionError">
            <message>
              <![CDATA[expected [true] but found [false]]]>
            </message>
            <full-stacktrace>
              <![CDATA[java.lang.AssertionError: expected [true] but found [false]
at org.testng.Assert.fail(Assert.java:99)
at org.testng.Assert.failNotEquals(Assert.java:1037)
at org.testng.Assert.assertTrue(Assert.java:45)
at org.testng.Assert.assertTrue(Assert.java:55)
at test.day1.Demo(day1.java:13)
at java.base/jdk.internal.reflect.NativeMethodAccessorImpl.invoke0(Native Method)
at java.base/jdk.internal.reflect.NativeMethodAccessorImpl.invoke(NativeMethodAccessorImpl.java:77)
at java.base/jdk.internal.reflect.DelegatingMethodAccessorImpl.invoke(DelegatingMethodAccessorImpl.java:43)
at java.base/java.lang.reflect.Method.invoke(Method.java:568)
at org.testng.internal.MethodInvocationHelper.invokeMethod(MethodInvocationHelper.java:133)
at org.testng.internal.TestInvoker.invokeMethod(TestInvoker.java:598)
at org.testng.internal.TestInvoker.invokeTestMethod(TestInvoker.java:173)
at org.testng.internal.MethodRunner.runInSequence(MethodRunner.java:46)
at org.testng.internal.TestInvoker$MethodInvocationAgent.invoke(TestInvoker.java:824)
at org.testng.internal.TestInvoker.invokeTestMethods(TestInvoker.java:146)
at org.testng.internal.TestMethodWorker.invokeTestMethods(TestMethodWorker.java:146)
at org.testng.internal.TestMethodWorker.run(TestMethodWorker.java:128)
at java.base/java.util.ArrayList.forEach(ArrayList.java:1511)
at org.testng.TestRunner.privateRun(TestRunner.java:794)
at org.testng.TestRunner.run(TestRunner.java:596)
at org.testng.SuiteRunner.runTest(SuiteRunner.java:377)
at org.testng.SuiteRunner.access$000(SuiteRunner.java:28)
at org.testng.SuiteRunner$SuiteWorker.run(SuiteRunner.java:418)
at org.testng.internal.thread.ThreadUtil.lambda$execute$0(ThreadUtil.java:64)
at java.base/java.util.concurrent.FutureTask.run(FutureTask.java:264)
at java.base/java.util.concurrent.ThreadPoolExecutor.runWorker(ThreadPoolExecutor.java:1136)
at java.base/java.util.concurrent.ThreadPoolExecutor$Worker.run(ThreadPoolExecutor.java:635)
at java.base/java.lang.Thread.run(Thread.java:833)
]]>
            </full-stacktrace>
          </exception> <!-- java.lang.AssertionError -->
          <reporter-output>
          </reporter-output>
        </test-method> <!-- Demo -->
      </class> <!-- test.day1 -->
    </test> <!-- Personal Loan -->
    <test started-at="2023-03-31T07:33:35 IST" name="Car Loan" finished-at="2023-03-31T07:33:35 IST" duration-ms="129">
      <class name="test.day3">
        <test-method signature="Weblogincarloan()[pri:0, instance:test.day3@2a54a73f]" started-at="2023-03-31T07:33:35 IST" name="Weblogincarloan" finished-at="2023-03-31T07:33:35 IST" duration-ms="12" status="PASS">
          <reporter-output>
          </reporter-output>
        </test-method> <!-- Weblogincarloan -->
        <test-method signature="Mobilesignoutcarloan(java.lang.String,java.lang.String)[pri:0, instance:test.day3@2a54a73f]" started-at="2023-03-31T07:33:35 IST" name="Mobilesignoutcarloan" data-provider="getData" finished-at="2023-03-31T07:33:35 IST" duration-ms="2" status="PASS">
          <params>
            <param index="0">
              <value>
                <![CDATA[first user name]]>
              </value>
            </param>
            <param index="1">
              <value>
                <![CDATA[first password]]>
              </value>
            </param>
          </params>
          <reporter-output>
          </reporter-output>
        </test-method> <!-- Mobilesignoutcarloan -->
        <test-method signature="Mobilesignoutcarloan(java.lang.String,java.lang.String)[pri:0, instance:test.day3@2a54a73f]" started-at="2023-03-31T07:33:35 IST" name="Mobilesignoutcarloan" data-provider="getData" finished-at="2023-03-31T07:33:35 IST" duration-ms="5" status="PASS">
          <params>
            <param index="0">
              <value>
                <![CDATA[second user name]]>
              </value>
            </param>
            <param index="1">
              <value>
                <![CDATA[second password]]>
              </value>
            </param>
          </params>
          <reporter-output>
          </reporter-output>
        </test-method> <!-- Mobilesignoutcarloan -->
        <test-method signature="Mobilesignoutcarloan(java.lang.String,java.lang.String)[pri:0, instance:test.day3@2a54a73f]" started-at="2023-03-31T07:33:35 IST" name="Mobilesignoutcarloan" data-provider="getData" finished-at="2023-03-31T07:33:35 IST" duration-ms="3" status="PASS">
          <params>
            <param index="0">
              <value>
                <![CDATA[third user name]]>
              </value>
            </param>
            <param index="1">
              <value>
                <![CDATA[third password]]>
              </value>
            </param>
          </params>
          <reporter-output>
          </reporter-output>
        </test-method> <!-- Mobilesignoutcarloan -->
        <test-method signature="APILogincarloan()[pri:0, instance:test.day3@2a54a73f]" started-at="2023-03-31T07:33:35 IST" name="APILogincarloan" finished-at="2023-03-31T07:33:35 IST" depends-on-methods="test.day3.Weblogincarloan" duration-ms="2" status="PASS">
          <reporter-output>
          </reporter-output>
        </test-method> <!-- APILogincarloan -->
      </class> <!-- test.day3 -->
    </test> <!-- Car Loan -->
  </suite> <!-- Loan Department -->
</testng-results>
